Start testing: May 22 19:01 EEST
----------------------------------------------------------
1/1 Testing: type_enum_test
1/1 Test: type_enum_test
Command: "/home/robert/Personal/Projects/stdc/build/debug-strict/tests/type_enum_test"
Directory: /home/robert/Personal/Projects/stdc/build/debug-strict/tests
"type_enum_test" start time: May 22 19:01 EEST
Output:
----------------------------------------------------------
<end of output>
Test time =   0.05 sec
----------------------------------------------------------
Test Failed.
"type_enum_test" end time: May 22 19:01 EEST
"type_enum_test" time elapsed: 00:00:00
----------------------------------------------------------

End testing: May 22 19:01 EEST
